<?xml version="1.0" encoding="UTF-8"?>
<testng-results ignored="0" total="10" passed="10" failed="0" skipped="0">
  <reporter-output>
  </reporter-output>
  <suite started-at="2024-11-11T12:44:13 IST" name="Default suite" finished-at="2024-11-11T12:47:08 IST" duration-ms="175337">
    <groups>
    </groups>
    <test started-at="2024-11-11T12:44:13 IST" name="Default test" finished-at="2024-11-11T12:47:08 IST" duration-ms="175337">
      <class name="tests.TestCaseRunner">
        <test-method is-config="true" signature="setup()[pri:0, instance:tests.TestCaseRunner@1165b38]" started-at="2024-11-11T12:44:13 IST" name="setup" finished-at="2024-11-11T12:44:36 IST" duration-ms="22587" status="PASS">
          <reporter-output>
          </reporter-output>
        </test-method> <!-- setup -->
        <test-method signature="loginTestCase()[pri:1, instance:tests.TestCaseRunner@1165b38]" started-at="2024-11-11T12:44:36 IST" name="loginTestCase" finished-at="2024-11-11T12:45:20 IST" duration-ms="44312" status="PASS">
          <reporter-output>
          </reporter-output>
        </test-method> <!-- loginTestCase -->
        <test-method signature="editProfile()[pri:2, instance:tests.TestCaseRunner@1165b38]" started-at="2024-11-11T12:45:20 IST" name="editProfile" finished-at="2024-11-11T12:45:20 IST" duration-ms="3" status="PASS">
          <reporter-output>
          </reporter-output>
        </test-method> <!-- editProfile -->
        <test-method signature="searchCase()[pri:2, instance:tests.TestCaseRunner@1165b38]" started-at="2024-11-11T12:45:20 IST" name="searchCase" finished-at="2024-11-11T12:45:43 IST" duration-ms="22656" status="PASS">
          <reporter-output>
          </reporter-output>
        </test-method> <!-- searchCase -->
        <test-method signature="filterCase()[pri:3, instance:tests.TestCaseRunner@1165b38]" started-at="2024-11-11T12:45:43 IST" name="filterCase" finished-at="2024-11-11T12:45:46 IST" duration-ms="3521" status="PASS">
          <reporter-output>
          </reporter-output>
        </test-method> <!-- filterCase -->
        <test-method signature="sortByCase()[pri:4, instance:tests.TestCaseRunner@1165b38]" started-at="2024-11-11T12:45:46 IST" name="sortByCase" finished-at="2024-11-11T12:45:50 IST" duration-ms="3484" status="PASS">
          <reporter-output>
          </reporter-output>
        </test-method> <!-- sortByCase -->
        <test-method signature="selectProductCase()[pri:5, instance:tests.TestCaseRunner@1165b38]" started-at="2024-11-11T12:45:50 IST" name="selectProductCase" finished-at="2024-11-11T12:45:55 IST" duration-ms="5322" status="PASS">
          <reporter-output>
          </reporter-output>
        </test-method> <!-- selectProductCase -->
        <test-method signature="addToFavouritesTestCase()[pri:6, instance:tests.TestCaseRunner@1165b38]" started-at="2024-11-11T12:45:55 IST" name="addToFavouritesTestCase" finished-at="2024-11-11T12:46:36 IST" duration-ms="41465" status="PASS">
          <reporter-output>
          </reporter-output>
        </test-method> <!-- addToFavouritesTestCase -->
        <test-method signature="addToCartTestCase()[pri:7, instance:tests.TestCaseRunner@1165b38]" started-at="2024-11-11T12:46:36 IST" name="addToCartTestCase" finished-at="2024-11-11T12:46:37 IST" duration-ms="274" status="PASS">
          <reporter-output>
          </reporter-output>
        </test-method> <!-- addToCartTestCase -->
        <test-method signature="goToCartTestCase()[pri:8, instance:tests.TestCaseRunner@1165b38]" started-at="2024-11-11T12:46:37 IST" name="goToCartTestCase" finished-at="2024-11-11T12:47:02 IST" duration-ms="24807" status="PASS">
          <reporter-output>
          </reporter-output>
        </test-method> <!-- goToCartTestCase -->
        <test-method signature="placeOrderTestCase()[pri:9, instance:tests.TestCaseRunner@1165b38]" started-at="2024-11-11T12:47:02 IST" name="placeOrderTestCase" finished-at="2024-11-11T12:47:05 IST" duration-ms="3153" status="PASS">
          <reporter-output>
          </reporter-output>
        </test-method> <!-- placeOrderTestCase -->
        <test-method is-config="true" signature="tearDown()[pri:0, instance:tests.TestCaseRunner@1165b38]" started-at="2024-11-11T12:47:05 IST" name="tearDown" finished-at="2024-11-11T12:47:08 IST" duration-ms="3658" status="PASS">
          <reporter-output>
          </reporter-output>
        </test-method> <!-- tearDown -->
      </class> <!-- tests.TestCaseRunner -->
    </test> <!-- Default test -->
  </suite> <!-- Default suite -->
</testng-results>
