<?xml version="1.0" encoding="UTF-8" ?>
<testsuites errors="0"
            failures="1"
            tests="5">

  <testsuite name="testLoginPage"
    errors="0" failures="1" hostname="" id="" package="testLoginPage" skipped="0"
    tests="5" time="47.08" timestamp="">
  
    <testcase name="Checking if input fields are visible" classname="testLoginPage" time="8.169" assertions="4">

    

    

    

    
    </testcase>
  
    <testcase name="Attempting login with empty fields" classname="testLoginPage" time="2.825" assertions="0">
    </testcase>
  
    <testcase name="Attempting login with an invalid email" classname="testLoginPage" time="3.770" assertions="0">
    </testcase>
  
    <testcase name="Attempting login with incorrect credentials" classname="testLoginPage" time="3.523" assertions="2">

    

    
    </testcase>
  
    <testcase name="Attempting successful login" classname="testLoginPage" time="5.246" assertions="1">  <failure message="Cannot read properties of undefined (reading &#39;pause&#39;)">TypeError: Cannot read properties of undefined (reading &#39;pause&#39;)
    at Attempting successful login (C:\Users\testuser\AutomationTesting\LCP_Testing\testLoginPage.js:69:13)</failure>
<system-out>[[ATTACHMENT|C:\Users\testuser\AutomationTesting\reports\ss\testLoginPage\Attempting-successful-login_FAILED_Feb-26-2025-115123-GMT+0530.png]]</system-out>
    
    </testcase>
  

  

    

  
  </testsuite>
</testsuites>
