<?xml version="1.0" encoding="UTF-8" ?>
<testsuites errors="0"
            failures="1"
            tests="1">

  <testsuite name="testViewProfilePage"
    errors="0" failures="1" hostname="" id="" package="testViewProfilePage" skipped="0"
    tests="1" time="33.17" timestamp="">
  
    <testcase name="View Profile Verfication" classname="testViewProfilePage" time="16.58" assertions="1">  <failure message="Timed out while waiting for element &lt;//input[@id=&#39;username&#39;]&gt; to be present for 10000 milliseconds. - expected &#34;visible&#34; but got: &#34;not found&#34; (10466ms)">    at View Profile Verfication (C:\Users\testuser\AutomationTesting\LCP_Testing\testViewProfilePage.js:9:4)</failure>
<system-out>[[ATTACHMENT|C:\Users\testuser\AutomationTesting\reports\ss\testViewProfilePage\View-Profile-Verfication_FAILED_Feb-25-2025-193241-GMT+0530.png]]</system-out>
    
    </testcase>
  

  

    

  
  </testsuite>
</testsuites>
