<?xml version="1.0" encoding="UTF-8" ?>
<testsuites errors="0"
            failures="1"
            tests="8">

  <testsuite name="testLoginPage"
    errors="0" failures="1" hostname="" id="" package="testLoginPage" skipped="0"
    tests="8" time="78.60" timestamp="">
  
    <testcase name="Checking if input fields are visible" classname="testLoginPage" time="8.517" assertions="4">

    

    

    

    
    </testcase>
  
    <testcase name="Attempting login with empty fields" classname="testLoginPage" time="2.687" assertions="0">
    </testcase>
  
    <testcase name="Attempting login with an invalid email" classname="testLoginPage" time="3.856" assertions="0">
    </testcase>
  
    <testcase name="Attempting login with incorrect credentials" classname="testLoginPage" time="3.958" assertions="2">

    

    
    </testcase>
  
    <testcase name="Attempting successful login" classname="testLoginPage" time="7.710" assertions="1">

    
    </testcase>
  
    <testcase name="View Profile Automation" classname="testLoginPage" time="5.562" assertions="10">

    

    

    

    

    

    

    

    

    

    
    </testcase>
  
    <testcase name="Project App" classname="testLoginPage" time="4.866" assertions="5">

    

    

    

    

    
    </testcase>
  
    <testcase name="Create new project" classname="testLoginPage" time="2.138" assertions="1">  <failure message="Cannot read properties of undefined (reading &#39;end&#39;)">TypeError: Cannot read properties of undefined (reading &#39;end&#39;)
    at Create new project (C:\Users\testuser\AutomationTesting\LCP_Testing\testLoginPage.js:105:17)</failure>
<system-out>[[ATTACHMENT|C:\Users\testuser\AutomationTesting\reports\ss\testLoginPage\Create-new-project_FAILED_Mar-03-2025-114029-GMT+0530.png]]</system-out>
    
    </testcase>
  

  

    

  
  </testsuite>
</testsuites>
